android/app/build/intermediates/manifest_merge_blame_file/release/manifest-merger-blame-release-report.txt
1<?xml version="1.0" encoding="utf-8"?>
2<manifest xmlns:android="http://schemas.android.com/apk/res/android"
3    package="com.app_5s"
4    android:versionCode="1"
5    android:versionName="1.0" >
6
7    <uses-sdk
8        android:minSdkVersion="16"
8-->src\main\AndroidManifest.xml
9        android:targetSdkVersion="28" />
9-->src\main\AndroidManifest.xml
10
11    <uses-permission android:name="android.permission.INTERNET" />
11-->src\main\AndroidManifest.xml:4:5-67
11-->src\main\AndroidManifest.xml:4:22-64
12    <uses-permission android:name="android.permission.SYSTEM_ALER_WINDOW" />
12-->src\main\AndroidManifest.xml:5:5-76
12-->src\main\AndroidManifest.xml:5:22-74
13    <uses-permission android:name="android.permission.CAMERA" />
13-->src\main\AndroidManifest.xml:6:5-64
13-->src\main\AndroidManifest.xml:6:22-62
14    <!-- <uses-permission android:name="android.permission.WRITE"/> -->
15    <uses-permission android:name="android.permission.WRITE_EXTERNAL_STORAGE" />
15-->src\main\AndroidManifest.xml:8:5-80
15-->src\main\AndroidManifest.xml:8:22-78
16
17    <application
17-->src\main\AndroidManifest.xml:10:5-30:19
18        android:name="com.app_5s.MainApplication"
18-->src\main\AndroidManifest.xml:11:7-38
19        android:allowBackup="false"
19-->src\main\AndroidManifest.xml:15:7-34
20        android:appComponentFactory="androidx.core.app.CoreComponentFactory"
20-->[androidx.core:core:1.1.0] AndroidManifest.xml:24:18-86
21        android:icon="@mipmap/ic_launcher"
21-->src\main\AndroidManifest.xml:13:7-41
22        android:label="@string/app_name"
22-->src\main\AndroidManifest.xml:12:7-39
23        android:roundIcon="@mipmap/ic_launcher_round"
23-->src\main\AndroidManifest.xml:14:7-52
24        android:theme="@style/AppTheme"
24-->src\main\AndroidManifest.xml:17:7-38
25        android:usesCleartextTraffic="true" >
25-->src\main\AndroidManifest.xml:16:7-42
26        <activity
26-->src\main\AndroidManifest.xml:18:7-28:18
27            android:name="com.app_5s.MainActivity"
27-->src\main\AndroidManifest.xml:19:9-37
28            android:configChanges="keyboard|keyboardHidden|orientation|screenSize|uiMode"
28-->src\main\AndroidManifest.xml:21:9-86
29            android:label="@string/app_name"
29-->src\main\AndroidManifest.xml:20:9-41
30            android:launchMode="singleTask"
30-->src\main\AndroidManifest.xml:22:9-40
31            android:windowSoftInputMode="adjustResize" >
31-->src\main\AndroidManifest.xml:23:9-51
32            <intent-filter>
32-->src\main\AndroidManifest.xml:24:9-27:25
33                <action android:name="android.intent.action.MAIN" />
33-->src\main\AndroidManifest.xml:25:13-65
33-->src\main\AndroidManifest.xml:25:21-62
34
35                <category android:name="android.intent.category.LAUNCHER" />
35-->src\main\AndroidManifest.xml:26:13-73
35-->src\main\AndroidManifest.xml:26:23-70
36            </intent-filter>
37        </activity>
38        <activity android:name="com.facebook.react.devsupport.DevSettingsActivity" />
38-->src\main\AndroidManifest.xml:29:7-84
38-->src\main\AndroidManifest.xml:29:17-81
39
40        <provider
40-->[:react-native-image-picker] AndroidManifest.xml:10:9-18:20
41            android:name="com.imagepicker.FileProvider"
41-->[:react-native-image-picker] AndroidManifest.xml:11:13-56
42            android:authorities="com.app_5s.provider"
42-->[:react-native-image-picker] AndroidManifest.xml:12:13-60
43            android:exported="false"
43-->[:react-native-image-picker] AndroidManifest.xml:13:13-37
44            android:grantUriPermissions="true" >
44-->[:react-native-image-picker] AndroidManifest.xml:14:13-47
45            <meta-data
45-->[:react-native-image-picker] AndroidManifest.xml:15:13-17:58
46                android:name="android.support.FILE_PROVIDER_PATHS"
46-->[:react-native-image-picker] AndroidManifest.xml:16:17-67
47                android:resource="@xml/provider_paths" />
47-->[:react-native-image-picker] AndroidManifest.xml:17:17-55
48        </provider>
49    </application>
50
51</manifest>